<?xml version="1.0" encoding="UTF-8"?><testsuites failures="19" name="dependency-check" tests="19"><testsuite failures="0" errors="0" time="0" id="0" name="/Users/himanshu/.jenkins/workspace/springboot-app3/target/classes/static/js/main.js" package="main.js" skipped="0" tests="1" timestamp="2025-10-05T06:46:32.086746818"><testcase classname="dependency-check" name="main.js"/></testsuite><testsuite failures="0" errors="0" time="0" id="1" name="/Users/himanshu/.jenkins/workspace/springboot-app3/target/spring-boot-web.jar/META-INF/maven/com.abhishek/spring-boot-demo/pom.xml" package="spring-boot-web.jar (shaded: com.abhishek:spring-boot-demo:1.0.0)" skipped="0" tests="1" timestamp="2025-10-05T06:46:32.086746818"><testcase classname="dependency-check" name="spring-boot-web.jar (shaded: com.abhishek:spring-boot-demo:1.0.0)"/></testsuite><testsuite failures="1" errors="0" time="0" id="2" name="/Users/himanshu/.jenkins/workspace/springboot-app3/target/spring-boot-web.jar" package="spring-boot-web.jar" skipped="0" tests="1" timestamp="2025-10-05T06:46:32.086746818"><testcase classname="CVE-2016-9878" name="cpe:2.3:a:pivotal_software:spring_framework:*:*:*:*:*:*:*:* versions up to (including) 3.2.0"><failure message="cvssV3: HIGH, score: 7.5 (CVSS:3.0/AV:N/AC:L/PR:N/UI:N/S:U/C:H/I:N/A:N/E:3.9/RC:R/MAV:A)"/><system-out>An issue was discovered in Pivotal Spring Framework before 3.2.18, 4.2.x before 4.2.9, and 4.3.x before 4.3.5. Paths provided to the ResourceServlet were not properly sanitized and as a result exposed to directory traversal attacks.</system-out><system-err>location: /Users/himanshu/.jenkins/workspace/springboot-app3/target/spring-boot-web.jar, project-references: [  ]</system-err></testcase></testsuite><testsuite failures="0" errors="0" time="0" id="3" name="/Users/himanshu/.jenkins/workspace/springboot-app3/target/spring-boot-web.jar/BOOT-INF/lib/attoparser-2.0.7.RELEASE.jar" package="spring-boot-web.jar: attoparser-2.0.7.RELEASE.jar" skipped="0" tests="1" timestamp="2025-10-05T06:46:32.086746818"><testcase classname="dependency-check" name="spring-boot-web.jar: attoparser-2.0.7.RELEASE.jar"/></testsuite><testsuite failures="0" errors="0" time="0" id="4" name="/Users/himanshu/.jenkins/workspace/springboot-app3/target/spring-boot-web.jar/BOOT-INF/lib/jackson-core-2.17.2.jar" package="spring-boot-web.jar: jackson-core-2.17.2.jar" skipped="0" tests="1" timestamp="2025-10-05T06:46:32.086746818"><testcase classname="dependency-check" name="spring-boot-web.jar: jackson-core-2.17.2.jar"/></testsuite><testsuite failures="0" errors="0" time="0" id="5" name="/Users/himanshu/.jenkins/workspace/springboot-app3/target/spring-boot-web.jar/BOOT-INF/lib/jackson-databind-2.17.2.jar" package="spring-boot-web.jar: jackson-databind-2.17.2.jar" skipped="0" tests="1" timestamp="2025-10-05T06:46:32.086746818"><testcase classname="dependency-check" name="spring-boot-web.jar: jackson-databind-2.17.2.jar"/></testsuite><testsuite failures="0" errors="0" time="0" id="6" name="/Users/himanshu/.jenkins/workspace/springboot-app3/target/spring-boot-web.jar/BOOT-INF/lib/jakarta.annotation-api-2.1.1.jar" package="spring-boot-web.jar: jakarta.annotation-api-2.1.1.jar" skipped="0" tests="1" timestamp="2025-10-05T06:46:32.086746818"><testcase classname="dependency-check" name="spring-boot-web.jar: jakarta.annotation-api-2.1.1.jar"/></testsuite><testsuite failures="0" errors="0" time="0" id="7" name="/Users/himanshu/.jenkins/workspace/springboot-app3/target/spring-boot-web.jar/BOOT-INF/lib/jul-to-slf4j-2.0.16.jar" package="spring-boot-web.jar: jul-to-slf4j-2.0.16.jar" skipped="0" tests="1" timestamp="2025-10-05T06:46:32.086746818"><testcase classname="dependency-check" name="spring-boot-web.jar: jul-to-slf4j-2.0.16.jar"/></testsuite><testsuite failures="0" errors="0" time="0" id="8" name="/Users/himanshu/.jenkins/workspace/springboot-app3/target/spring-boot-web.jar/BOOT-INF/lib/log4j-api-2.23.1.jar" package="spring-boot-web.jar: log4j-api-2.23.1.jar" skipped="0" tests="1" timestamp="2025-10-05T06:46:32.086746818"><testcase classname="dependency-check" name="spring-boot-web.jar: log4j-api-2.23.1.jar"/></testsuite><testsuite failures="0" errors="0" time="0" id="9" name="/Users/himanshu/.jenkins/workspace/springboot-app3/target/spring-boot-web.jar/BOOT-INF/lib/log4j-to-slf4j-2.23.1.jar" package="spring-boot-web.jar: log4j-to-slf4j-2.23.1.jar" skipped="0" tests="1" timestamp="2025-10-05T06:46:32.086746818"><testcase classname="dependency-check" name="spring-boot-web.jar: log4j-to-slf4j-2.23.1.jar"/></testsuite><testsuite failures="0" errors="0" time="0" id="10" name="/Users/himanshu/.jenkins/workspace/springboot-app3/target/spring-boot-web.jar/BOOT-INF/lib/logback-core-1.5.7.jar" package="spring-boot-web.jar: logback-core-1.5.7.jar" skipped="0" tests="1" timestamp="2025-10-05T06:46:32.086746818"><testcase classname="dependency-check" name="spring-boot-web.jar: logback-core-1.5.7.jar"/></testsuite><testsuite failures="0" errors="0" time="0" id="11" name="/Users/himanshu/.jenkins/workspace/springboot-app3/target/spring-boot-web.jar/BOOT-INF/lib/micrometer-commons-1.13.3.jar" package="spring-boot-web.jar: micrometer-commons-1.13.3.jar" skipped="0" tests="1" timestamp="2025-10-05T06:46:32.086746818"><testcase classname="dependency-check" name="spring-boot-web.jar: micrometer-commons-1.13.3.jar"/></testsuite><testsuite failures="0" errors="0" time="0" id="12" name="/Users/himanshu/.jenkins/workspace/springboot-app3/target/spring-boot-web.jar/BOOT-INF/lib/micrometer-observation-1.13.3.jar" package="spring-boot-web.jar: micrometer-observation-1.13.3.jar" skipped="0" tests="1" timestamp="2025-10-05T06:46:32.086746818"><testcase classname="dependency-check" name="spring-boot-web.jar: micrometer-observation-1.13.3.jar"/></testsuite><testsuite failures="0" errors="0" time="0" id="13" name="/Users/himanshu/.jenkins/workspace/springboot-app3/target/spring-boot-web.jar/BOOT-INF/lib/slf4j-api-2.0.16.jar" package="spring-boot-web.jar: slf4j-api-2.0.16.jar" skipped="0" tests="1" timestamp="2025-10-05T06:46:32.086746818"><testcase classname="dependency-check" name="spring-boot-web.jar: slf4j-api-2.0.16.jar"/></testsuite><testsuite failures="0" errors="0" time="0" id="14" name="/Users/himanshu/.jenkins/workspace/springboot-app3/target/spring-boot-web.jar/BOOT-INF/lib/snakeyaml-2.2.jar" package="spring-boot-web.jar: snakeyaml-2.2.jar" skipped="0" tests="1" timestamp="2025-10-05T06:46:32.086746818"><testcase classname="dependency-check" name="spring-boot-web.jar: snakeyaml-2.2.jar"/></testsuite><testsuite failures="0" errors="0" time="0" id="15" name="/Users/himanshu/.jenkins/workspace/springboot-app3/target/spring-boot-web.jar/BOOT-INF/lib/spring-boot-3.3.3.jar" package="spring-boot-web.jar: spring-boot-3.3.3.jar" skipped="0" tests="1" timestamp="2025-10-05T06:46:32.086746818"><testcase classname="dependency-check" name="spring-boot-web.jar: spring-boot-3.3.3.jar"/></testsuite><testsuite failures="0" errors="0" time="0" id="16" name="/Users/himanshu/.jenkins/workspace/springboot-app3/target/spring-boot-web.jar/BOOT-INF/lib/spring-boot-jarmode-tools-3.3.3.jar" package="spring-boot-web.jar: spring-boot-jarmode-tools-3.3.3.jar" skipped="0" tests="1" timestamp="2025-10-05T06:46:32.086746818"><testcase classname="dependency-check" name="spring-boot-web.jar: spring-boot-jarmode-tools-3.3.3.jar"/></testsuite><testsuite failures="1" errors="0" time="0" id="17" name="/Users/himanshu/.jenkins/workspace/springboot-app3/target/spring-boot-web.jar/BOOT-INF/lib/spring-core-6.1.12.jar" package="spring-boot-web.jar: spring-core-6.1.12.jar" skipped="0" tests="1" timestamp="2025-10-05T06:46:32.086746818"><testcase classname="CVE-2024-38820" name="pkg:maven/org.springframework/spring-core@6.1.12"><failure message="cvssV3: MEDIUM, score: 5.3 (CVSS:3.1/AV:N/AC:L/PR:N/UI:N/S:U/C:N/I:L/A:N/E:3.9/RC:R/MAV:A)"/><system-out>The fix for CVE-2022-22968 made disallowedFields patterns in DataBinder case insensitive. However, String.toLowerCase() has some Locale dependent exceptions that could potentially result in fields not protected as expected.</system-out><system-err>location: /Users/himanshu/.jenkins/workspace/springboot-app3/target/spring-boot-web.jar/BOOT-INF/lib/spring-core-6.1.12.jar, project-references: [  ]</system-err></testcase></testsuite><testsuite failures="1" errors="0" time="0" id="18" name="/Users/himanshu/.jenkins/workspace/springboot-app3/target/spring-boot-web.jar/BOOT-INF/lib/spring-web-6.1.12.jar" package="spring-boot-web.jar: spring-web-6.1.12.jar" skipped="0" tests="1" timestamp="2025-10-05T06:46:32.086746818"><testcase classname="CVE-2024-38820" name="pkg:maven/org.springframework/spring-web@6.1.12"><failure message="cvssV3: MEDIUM, score: 5.3 (CVSS:3.1/AV:N/AC:L/PR:N/UI:N/S:U/C:N/I:L/A:N/E:3.9/RC:R/MAV:A)"/><system-out>The fix for CVE-2022-22968 made disallowedFields patterns in DataBinder case insensitive. However, String.toLowerCase() has some Locale dependent exceptions that could potentially result in fields not protected as expected.</system-out><system-err>location: /Users/himanshu/.jenkins/workspace/springboot-app3/target/spring-boot-web.jar/BOOT-INF/lib/spring-web-6.1.12.jar, project-references: [  ]</system-err></testcase></testsuite><testsuite failures="0" errors="0" time="0" id="19" name="/Users/himanshu/.jenkins/workspace/springboot-app3/target/spring-boot-web.jar/BOOT-INF/lib/thymeleaf-3.1.2.RELEASE.jar" package="spring-boot-web.jar: thymeleaf-3.1.2.RELEASE.jar" skipped="0" tests="1" timestamp="2025-10-05T06:46:32.086746818"><testcase classname="dependency-check" name="spring-boot-web.jar: thymeleaf-3.1.2.RELEASE.jar"/></testsuite><testsuite failures="16" errors="0" time="0" id="20" name="/Users/himanshu/.jenkins/workspace/springboot-app3/target/spring-boot-web.jar/BOOT-INF/lib/tomcat-embed-core-10.1.28.jar" package="spring-boot-web.jar: tomcat-embed-core-10.1.28.jar" skipped="0" tests="16" timestamp="2025-10-05T06:46:32.086746818"><testcase classname="CVE-2024-50379" name="pkg:maven/org.apache.tomcat.embed/tomcat-embed-core@10.1.28"><failure message="cvssV3: CRITICAL, score: 9.8 (CVSS:3.1/AV:N/AC:L/PR:N/UI:N/S:U/C:H/I:H/A:H/E:3.9/RC:R/MAV:A)"/><system-out>Time-of-check Time-of-use (TOCTOU) Race Condition vulnerability during JSP compilation in Apache Tomcat permits an RCE on case insensitive file systems when the default servlet is enabled for write (non-default configuration).

This issue affects Apache Tomcat: from 11.0.0-M1 through 11.0.1, from 10.1.0-M1 through 10.1.33, from 9.0.0.M1 through 9.0.97.

The following versions were EOL at the time the CVE was created but are 
known to be affected: 8.5.0 though 8.5.100. Other, older, EOL versions may also be affected.

Users are recommended to upgrade to version 11.0.2, 10.1.34 or 9.0.98, which fixes the issue.</system-out><system-err>location: /Users/himanshu/.jenkins/workspace/springboot-app3/target/spring-boot-web.jar/BOOT-INF/lib/tomcat-embed-core-10.1.28.jar, project-references: [  ]</system-err></testcase><testcase classname="CVE-2024-52316" name="pkg:maven/org.apache.tomcat.embed/tomcat-embed-core@10.1.28"><failure message="cvssV3: CRITICAL, score: 9.8 (CVSS:3.1/AV:N/AC:L/PR:N/UI:N/S:U/C:H/I:H/A:H/E:3.9/RC:R/MAV:A)"/><system-out>Unchecked Error Condition vulnerability in Apache Tomcat. If Tomcat is configured to use a custom Jakarta Authentication (formerly JASPIC) ServerAuthContext component which may throw an exception during the authentication process without explicitly setting an HTTP status to indicate failure, the authentication may not fail, allowing the user to bypass the authentication process. There are no known Jakarta Authentication components that behave in this way.

This issue affects Apache Tomcat: from 11.0.0-M1 through 11.0.0-M26, from 10.1.0-M1 through 10.1.30, from 9.0.0-M1 through 9.0.95.

The following versions were EOL at the time the CVE was created but are 
known to be affected: 8.5.0 though 8.5.100.


Users are recommended to upgrade to version 11.0.0, 10.1.31 or 9.0.96, which fix the issue.</system-out><system-err>location: /Users/himanshu/.jenkins/workspace/springboot-app3/target/spring-boot-web.jar/BOOT-INF/lib/tomcat-embed-core-10.1.28.jar, project-references: [  ]</system-err></testcase><testcase classname="CVE-2024-56337" name="pkg:maven/org.apache.tomcat.embed/tomcat-embed-core@10.1.28"><failure message="cvssV3: CRITICAL, score: 9.8 (CVSS:3.1/AV:N/AC:L/PR:N/UI:N/S:U/C:H/I:H/A:H/E:3.9/RC:R/MAV:A)"/><system-out>Time-of-check Time-of-use (TOCTOU) Race Condition vulnerability in Apache Tomcat.

This issue affects Apache Tomcat: from 11.0.0-M1 through 11.0.1, from 10.1.0-M1 through 10.1.33, from 9.0.0.M1 through 9.0.97.
The following versions were EOL at the time the CVE was created but are 
known to be affected: 8.5.0 though 8.5.100. Other, older, EOL versions 
may also be affected.


The mitigation for CVE-2024-50379 was incomplete.

Users running Tomcat on a case insensitive file system with the default servlet write enabled (readonly initialisation 
parameter set to the non-default value of false) may need additional configuration to fully mitigate CVE-2024-50379 depending on which version of Java they are using with Tomcat:
- running on Java 8 or Java 11: the system property sun.io.useCanonCaches must be explicitly set to false (it defaults to true)
- running on Java 17: the system property sun.io.useCanonCaches, if set, must be set to false (it defaults to false)
- running on Java 21 onwards: no further configuration is required (the system property and the problematic cache have been removed)

Tomcat 11.0.3, 10.1.35 and 9.0.99 onwards will include checks that sun.io.useCanonCaches is set appropriately before allowing the default servlet to be write enabled on a case insensitive file system. Tomcat will also set sun.io.useCanonCaches to false by default where it can.</system-out><system-err>location: /Users/himanshu/.jenkins/workspace/springboot-app3/target/spring-boot-web.jar/BOOT-INF/lib/tomcat-embed-core-10.1.28.jar, project-references: [  ]</system-err></testcase><testcase classname="CVE-2025-24813" name="pkg:maven/org.apache.tomcat.embed/tomcat-embed-core@10.1.28"><failure message="cvssV3: CRITICAL, score: 9.8 (CVSS:3.1/AV:N/AC:L/PR:N/UI:N/S:U/C:H/I:H/A:H/E:3.9/RC:R/MAV:A)"/><system-out>Path Equivalence: &apos;file.Name&apos; (Internal Dot) leading to Remote Code Execution and/or Information disclosure and/or malicious content added to uploaded files via write enabled Default Servlet in Apache Tomcat.

This issue affects Apache Tomcat: from 11.0.0-M1 through 11.0.2, from 10.1.0-M1 through 10.1.34, from 9.0.0.M1 through 9.0.98.
The following versions were EOL at the time the CVE was created but are 
known to be affected: 8.5.0 though 8.5.100. Other, older, EOL versions 
may also be affected.


If all of the following were true, a malicious user was able to view       security sensitive files and/or inject content into those files:
- writes enabled for the default servlet (disabled by default)
- support for partial PUT (enabled by default)
- a target URL for security sensitive uploads that was a sub-directory of a target URL for public uploads
- attacker knowledge of the names of security sensitive files being uploaded
- the security sensitive files also being uploaded via partial PUT

If all of the following were true, a malicious user was able to       perform remote code execution:
- writes enabled for the default servlet (disabled by default)
- support for partial PUT (enabled by default)
- application was using Tomcat&apos;s file based session persistence with the default storage location
- application included a library that may be leveraged in a deserialization attack

Users are recommended to upgrade to version 11.0.3, 10.1.35 or 9.0.99, which fixes the issue.</system-out><system-err>location: /Users/himanshu/.jenkins/workspace/springboot-app3/target/spring-boot-web.jar/BOOT-INF/lib/tomcat-embed-core-10.1.28.jar, project-references: [  ]</system-err></testcase><testcase classname="CVE-2025-31651" name="pkg:maven/org.apache.tomcat.embed/tomcat-embed-core@10.1.28"><failure message="cvssV3: CRITICAL, score: 9.8 (CVSS:3.1/AV:N/AC:L/PR:N/UI:N/S:U/C:H/I:H/A:H/E:3.9/RC:R/MAV:A)"/><system-out>Improper Neutralization of Escape, Meta, or Control Sequences vulnerability in Apache Tomcat. For a subset of unlikely rewrite rule configurations, it was possible 
for a specially crafted request to bypass some rewrite rules. If those 
rewrite rules effectively enforced security constraints, those 
constraints could be bypassed.

This issue affects Apache Tomcat: from 11.0.0-M1 through 11.0.5, from 10.1.0-M1 through 10.1.39, from 9.0.0.M1 through 9.0.102.
The following versions were EOL at the time the CVE was created but are 
known to be affected: 8.5.0 though 8.5.100. Other, older, EOL versions 
may also be affected.


Users are recommended to upgrade to version [FIXED_VERSION], which fixes the issue.</system-out><system-err>location: /Users/himanshu/.jenkins/workspace/springboot-app3/target/spring-boot-web.jar/BOOT-INF/lib/tomcat-embed-core-10.1.28.jar, project-references: [  ]</system-err></testcase><testcase classname="CVE-2025-49124" name="pkg:maven/org.apache.tomcat.embed/tomcat-embed-core@10.1.28"><failure message="cvssV3: HIGH, score: 8.4 (CVSS:3.1/AV:L/AC:L/PR:N/UI:N/S:U/C:H/I:H/A:H/E:2.5/RC:R/MAV:A)"/><system-out>Untrusted Search Path vulnerability in Apache Tomcat installer for Windows. During installation, the Tomcat installer for Windows used icacls.exe without specifying a full path.

This issue affects Apache Tomcat: from 11.0.0-M1 through 11.0.7, from 10.1.0 through 10.1.41, from 9.0.23 through 9.0.105.
The following versions were EOL at the time the CVE was created but are 
known to be affected: 8.5.0 through 8.5.100 and 7.0.95 through 7.0.109.


Users are recommended to upgrade to version 11.0.8, 10.1.42 or 9.0.106, which fix the issue.</system-out><system-err>location: /Users/himanshu/.jenkins/workspace/springboot-app3/target/spring-boot-web.jar/BOOT-INF/lib/tomcat-embed-core-10.1.28.jar, project-references: [  ]</system-err></testcase><testcase classname="CVE-2025-31650" name="pkg:maven/org.apache.tomcat.embed/tomcat-embed-core@10.1.28"><failure message="cvssV3: HIGH, score: 7.5 (CVSS:3.1/AV:N/AC:L/PR:N/UI:N/S:U/C:N/I:N/A:H/E:3.9/RC:R/MAV:A)"/><system-out>Improper Input Validation vulnerability in Apache Tomcat. Incorrect error handling for some invalid HTTP priority headers resulted in incomplete clean-up of the failed request which created a memory leak. A large number of such requests could trigger an OutOfMemoryException resulting in a denial of service.

This issue affects Apache Tomcat: from 9.0.76 through 9.0.102, from 10.1.10 through 10.1.39, from 11.0.0-M2 through 11.0.5.
The following versions were EOL at the time the CVE was created but are 
known to be affected: 8.5.90 though 8.5.100.


Users are recommended to upgrade to version 9.0.104, 10.1.40 or 11.0.6 which fix the issue.</system-out><system-err>location: /Users/himanshu/.jenkins/workspace/springboot-app3/target/spring-boot-web.jar/BOOT-INF/lib/tomcat-embed-core-10.1.28.jar, project-references: [  ]</system-err></testcase><testcase classname="CVE-2025-48988" name="pkg:maven/org.apache.tomcat.embed/tomcat-embed-core@10.1.28"><failure message="cvssV3: HIGH, score: 7.5 (CVSS:3.1/AV:N/AC:L/PR:N/UI:N/S:U/C:N/I:N/A:H/E:3.9/RC:R/MAV:A)"/><system-out>Allocation of Resources Without Limits or Throttling vulnerability in Apache Tomcat.

This issue affects Apache Tomcat: from 11.0.0-M1 through 11.0.7, from 10.1.0-M1 through 10.1.41, from 9.0.0.M1 through 9.0.105.
The following versions were EOL at the time the CVE was created but are 
known to be affected: 8.5.0 though 8.5.100. Other, older, EOL versions 
may also be affected.


Users are recommended to upgrade to version 11.0.8, 10.1.42 or 9.0.106, which fix the issue.</system-out><system-err>location: /Users/himanshu/.jenkins/workspace/springboot-app3/target/spring-boot-web.jar/BOOT-INF/lib/tomcat-embed-core-10.1.28.jar, project-references: [  ]</system-err></testcase><testcase classname="CVE-2025-48989" name="pkg:maven/org.apache.tomcat.embed/tomcat-embed-core@10.1.28"><failure message="cvssV3: HIGH, score: 7.5 (CVSS:3.1/AV:N/AC:L/PR:N/UI:N/S:U/C:N/I:N/A:H/E:3.9/RC:R/MAV:A)"/><system-out>Improper Resource Shutdown or Release vulnerability in Apache Tomcat made Tomcat vulnerable to the made you reset attack.

This issue affects Apache Tomcat: from 11.0.0-M1 through 11.0.9, from 10.1.0-M1 through 10.1.43 and from 9.0.0.M1 through 9.0.107. Older, EOL versions may also be affected.

Users are recommended to upgrade to one of versions 11.0.10, 10.1.44 or 9.0.108 which fix the issue.</system-out><system-err>location: /Users/himanshu/.jenkins/workspace/springboot-app3/target/spring-boot-web.jar/BOOT-INF/lib/tomcat-embed-core-10.1.28.jar, project-references: [  ]</system-err></testcase><testcase classname="CVE-2025-49125" name="pkg:maven/org.apache.tomcat.embed/tomcat-embed-core@10.1.28"><failure message="cvssV3: HIGH, score: 7.5 (CVSS:3.1/AV:N/AC:L/PR:N/UI:N/S:U/C:H/I:N/A:N/E:3.9/RC:R/MAV:A)"/><system-out>Authentication Bypass Using an Alternate Path or Channel vulnerability in Apache Tomcat.  When using PreResources or PostResources mounted other than at the root of the web application, it was possible to access those resources via an unexpected path. That path was likely not to be protected by the same security constraints as the expected path, allowing those security constraints to be bypassed.

This issue affects Apache Tomcat: from 11.0.0-M1 through 11.0.7, from 10.1.0-M1 through 10.1.41, from 9.0.0.M1 through 9.0.105.
The following versions were EOL at the time the CVE was created but are 
known to be affected: 8.5.0 through 8.5.100. Other, older, EOL versions 
may also be affected.


Users are recommended to upgrade to version 11.0.8, 10.1.42 or 9.0.106, which fix the issue.</system-out><system-err>location: /Users/himanshu/.jenkins/workspace/springboot-app3/target/spring-boot-web.jar/BOOT-INF/lib/tomcat-embed-core-10.1.28.jar, project-references: [  ]</system-err></testcase><testcase classname="CVE-2025-52520" name="pkg:maven/org.apache.tomcat.embed/tomcat-embed-core@10.1.28"><failure message="cvssV3: HIGH, score: 7.5 (CVSS:3.1/AV:N/AC:L/PR:N/UI:N/S:U/C:N/I:N/A:H/E:3.9/RC:R/MAV:A)"/><system-out>For some unlikely configurations of multipart upload, an Integer Overflow vulnerability in Apache Tomcat could lead to a DoS via bypassing of size limits.

This issue affects Apache Tomcat: from 11.0.0-M1 through 11.0.8, from 10.1.0-M1 through 10.1.42, from 9.0.0.M1 through 9.0.106.
The following versions were EOL at the time the CVE was created but are 
known to be affected: 8.5.0 through 8.5.100. Other, older, EOL versions 
may also be affected.


Users are recommended to upgrade to version 11.0.9, 10.1.43 or 9.0.107, which fix the issue.</system-out><system-err>location: /Users/himanshu/.jenkins/workspace/springboot-app3/target/spring-boot-web.jar/BOOT-INF/lib/tomcat-embed-core-10.1.28.jar, project-references: [  ]</system-err></testcase><testcase classname="CVE-2025-53506" name="pkg:maven/org.apache.tomcat.embed/tomcat-embed-core@10.1.28"><failure message="cvssV3: HIGH, score: 7.5 (CVSS:3.1/AV:N/AC:L/PR:N/UI:N/S:U/C:N/I:N/A:H/E:3.9/RC:R/MAV:A)"/><system-out>Uncontrolled Resource Consumption vulnerability in Apache Tomcat if an HTTP/2 client did not acknowledge the initial settings frame that reduces the maximum permitted concurrent streams.

This issue affects Apache Tomcat: from 11.0.0-M1 through 11.0.8, from 10.1.0-M1 through 10.1.42, from 9.0.0.M1 through 9.0.106.
The following versions were EOL at the time the CVE was created but are 
known to be affected: 8.5.0 through 8.5.100.


Users are recommended to upgrade to version 11.0.9, 10.1.43 or 9.0.107, which fix the issue.</system-out><system-err>location: /Users/himanshu/.jenkins/workspace/springboot-app3/target/spring-boot-web.jar/BOOT-INF/lib/tomcat-embed-core-10.1.28.jar, project-references: [  ]</system-err></testcase><testcase classname="CVE-2025-46701" name="pkg:maven/org.apache.tomcat.embed/tomcat-embed-core@10.1.28"><failure message="cvssV3: HIGH, score: 7.3 (CVSS:3.1/AV:N/AC:L/PR:N/UI:N/S:U/C:L/I:L/A:L/E:3.9/RC:R/MAV:A)"/><system-out>Improper Handling of Case Sensitivity vulnerability in Apache Tomcat&apos;s GCI servlet allows security constraint bypass of security constraints that apply to the pathInfo component of a URI mapped to the CGI servlet.

This issue affects Apache Tomcat: from 11.0.0-M1 through 11.0.6, from 10.1.0-M1 through 10.1.40, from 9.0.0.M1 through 9.0.104.
The following versions were EOL at the time the CVE was created but are 
known to be affected: 8.5.0 though 8.5.100. Other, older, EOL versions 
may also be affected.


Users are recommended to upgrade to version 11.0.7, 10.1.41 or 9.0.105, which fixes the issue.</system-out><system-err>location: /Users/himanshu/.jenkins/workspace/springboot-app3/target/spring-boot-web.jar/BOOT-INF/lib/tomcat-embed-core-10.1.28.jar, project-references: [  ]</system-err></testcase><testcase classname="CVE-2024-52317" name="pkg:maven/org.apache.tomcat.embed/tomcat-embed-core@10.1.28"><failure message="cvssV3: MEDIUM, score: 6.5 (CVSS:3.1/AV:N/AC:L/PR:N/UI:N/S:U/C:L/I:L/A:N/E:3.9/RC:R/MAV:A)"/><system-out>Incorrect object re-cycling and re-use vulnerability in Apache Tomcat. Incorrect recycling of the request and response used by HTTP/2 requests 
could lead to request and/or response mix-up between users.

This issue affects Apache Tomcat: from 11.0.0-M23 through 11.0.0-M26, from 10.1.27 through 10.1.30, from 9.0.92 through 9.0.95.

Users are recommended to upgrade to version 11.0.0, 10.1.31 or 9.0.96, which fixes the issue.</system-out><system-err>location: /Users/himanshu/.jenkins/workspace/springboot-app3/target/spring-boot-web.jar/BOOT-INF/lib/tomcat-embed-core-10.1.28.jar, project-references: [  ]</system-err></testcase><testcase classname="CVE-2025-55668" name="pkg:maven/org.apache.tomcat.embed/tomcat-embed-core@10.1.28"><failure message="cvssV3: MEDIUM, score: 6.5 (CVSS:3.1/AV:N/AC:L/PR:N/UI:R/S:U/C:H/I:N/A:N/E:2.8/RC:R/MAV:A)"/><system-out>Session Fixation vulnerability in Apache Tomcat via rewrite valve.

This issue affects Apache Tomcat: from 11.0.0-M1 through 11.0.7, from 10.1.0-M1 through 10.1.41, from 9.0.0.M1 through 9.0.105.
Older, EOL versions may also be affected.

Users are recommended to upgrade to version 11.0.8, 10.1.42 or 9.0.106, which fix the issue.</system-out><system-err>location: /Users/himanshu/.jenkins/workspace/springboot-app3/target/spring-boot-web.jar/BOOT-INF/lib/tomcat-embed-core-10.1.28.jar, project-references: [  ]</system-err></testcase><testcase classname="CVE-2024-54677" name="pkg:maven/org.apache.tomcat.embed/tomcat-embed-core@10.1.28"><failure message="cvssV3: MEDIUM, score: 5.3 (CVSS:3.1/AV:N/AC:L/PR:N/UI:N/S:U/C:N/I:N/A:L/E:3.9/RC:R/MAV:A)"/><system-out>Uncontrolled Resource Consumption vulnerability in the examples web application provided with Apache Tomcat leads to denial of service.

This issue affects Apache Tomcat: from 11.0.0-M1 through 11.0.1, from 10.1.0-M1 through 10.1.33, from 9.0.0.M1 through 9.9.97.
The following versions were EOL at the time the CVE was created but are 
known to be affected: 8.5.0 though 8.5.100. Other, older, EOL versions 
may also be affected.


Users are recommended to upgrade to version 11.0.2, 10.1.34 or 9.0.98, which fixes the issue.</system-out><system-err>location: /Users/himanshu/.jenkins/workspace/springboot-app3/target/spring-boot-web.jar/BOOT-INF/lib/tomcat-embed-core-10.1.28.jar, project-references: [  ]</system-err></testcase></testsuite><testsuite failures="0" errors="0" time="0" id="21" name="/Users/himanshu/.jenkins/workspace/springboot-app3/target/spring-boot-web.jar/BOOT-INF/lib/tomcat-embed-el-10.1.28.jar" package="spring-boot-web.jar: tomcat-embed-el-10.1.28.jar" skipped="0" tests="1" timestamp="2025-10-05T06:46:32.086746818"><testcase classname="dependency-check" name="spring-boot-web.jar: tomcat-embed-el-10.1.28.jar"/></testsuite><testsuite failures="0" errors="0" time="0" id="22" name="/Users/himanshu/.jenkins/workspace/springboot-app3/target/spring-boot-web.jar/BOOT-INF/lib/unbescape-1.1.6.RELEASE.jar" package="spring-boot-web.jar: unbescape-1.1.6.RELEASE.jar" skipped="0" tests="1" timestamp="2025-10-05T06:46:32.086746818"><testcase classname="dependency-check" name="spring-boot-web.jar: unbescape-1.1.6.RELEASE.jar"/></testsuite></testsuites>